<?xml version="1.0" encoding="UTF-8"?>
<!-- Generated by org.testng.reporters.JUnitReportReporter -->
<testsuite hostname="DESKTOP-TGLKE1U" failures="0" tests="1" name="com.demoqa.tests.PracticeFormTest" time="6.155" errors="0" timestamp="2024-04-18T12:21:41 CEST" skipped="0">
  <testcase classname="com.demoqa.tests.PracticeFormTest" name="createStudentAccount" time="6.155"/>
</testsuite> <!-- com.demoqa.tests.PracticeFormTest -->
